# JRE version: OpenJDK Runtime Environment (11.0.1+13) (build 11.0.1+13)
# Java VM: OpenJDK 64-Bit Server VM (11.0.1+13, mixed mode, tiered, compressed oops, g1 gc, windows-amd64)
Heap:
 garbage-first heap   total 260096K, used 68106K [0x00000000c0000000, 0x0000000100000000)
  region size 1024K, 40 young (40960K), 11 survivors (11264K)
 Metaspace       used 53271K, capacity 55650K, committed 55708K, reserved 1099776K
  class space    used 5291K, capacity 6130K, committed 6144K, reserved 1048576K
GC Heap History (10 events):
Event: 1.841 GC heap before
{Heap before GC invocations=1 (full 0):
 garbage-first heap   total 260096K, used 17602K [0x00000000c0000000, 0x0000000100000000)
  region size 1024K, 16 young (16384K), 3 survivors (3072K)
 Metaspace       used 13566K, capacity 13823K, committed 13952K, reserved 1062912K
  class space    used 1238K, capacity 1306K, committed 1408K, reserved 1048576K
}
Event: 1.848 GC heap after
{Heap after GC invocations=2 (full 0):
 garbage-first heap   total 260096K, used 7996K [0x00000000c0000000, 0x0000000100000000)
  region size 1024K, 2 young (2048K), 2 survivors (2048K)
 Metaspace       used 13566K, capacity 13823K, committed 13952K, reserved 1062912K
  class space    used 1238K, capacity 1306K, committed 1408K, reserved 1048576K
}
Event: 2.558 GC heap before
{Heap before GC invocations=2 (full 0):
 garbage-first heap   total 260096K, used 31548K [0x00000000c0000000, 0x0000000100000000)
  region size 1024K, 27 young (27648K), 2 survivors (2048K)
 Metaspace       used 20432K, capacity 21141K, committed 21296K, reserved 1069056K
  class space    used 1865K, capacity 2125K, committed 2176K, reserved 1048576K
}
Event: 2.568 GC heap after
{Heap after GC invocations=3 (full 0):
 garbage-first heap   total 260096K, used 12610K [0x00000000c0000000, 0x0000000100000000)
  region size 1024K, 5 young (5120K), 5 survivors (5120K)
 Metaspace       used 20432K, capacity 21141K, committed 21296K, reserved 1069056K
  class space    used 1865K, capacity 2125K, committed 2176K, reserved 1048576K
}
Event: 3.217 GC heap before
{Heap before GC invocations=4 (full 0):
 garbage-first heap   total 260096K, used 53570K [0x00000000c0000000, 0x0000000100000000)
  region size 1024K, 46 young (47104K), 5 survivors (5120K)
 Metaspace       used 28359K, capacity 29502K, committed 29744K, reserved 1075200K
  class space    used 2724K, capacity 3106K, committed 3200K, reserved 1048576K
}
Event: 3.225 GC heap after
{Heap after GC invocations=5 (full 0):
 garbage-first heap   total 260096K, used 15507K [0x00000000c0000000, 0x0000000100000000)
  region size 1024K, 3 young (3072K), 3 survivors (3072K)
 Metaspace       used 28359K, capacity 29502K, committed 29744K, reserved 1075200K
  class space    used 2724K, capacity 3106K, committed 3200K, reserved 1048576K
}
Event: 3.898 GC heap before
{Heap before GC invocations=5 (full 0):
 garbage-first heap   total 260096K, used 65683K [0x00000000c0000000, 0x0000000100000000)
  region size 1024K, 53 young (54272K), 3 survivors (3072K)
 Metaspace       used 34376K, capacity 35861K, committed 35888K, reserved 1081344K
  class space    used 3443K, capacity 3955K, committed 3968K, reserved 1048576K
}
Event: 3.907 GC heap after
{Heap after GC invocations=6 (full 0):
 garbage-first heap   total 260096K, used 20911K [0x00000000c0000000, 0x0000000100000000)
  region size 1024K, 9 young (9216K), 9 survivors (9216K)
 Metaspace       used 34376K, capacity 35861K, committed 35888K, reserved 1081344K
  class space    used 3443K, capacity 3955K, committed 3968K, reserved 1048576K
}
Event: 670.442 GC heap before
{Heap before GC invocations=7 (full 0):
 garbage-first heap   total 260096K, used 109999K [0x00000000c0000000, 0x0000000100000000)
  region size 1024K, 88 young (90112K), 9 survivors (9216K)
 Metaspace       used 46028K, capacity 48259K, committed 48540K, reserved 1091584K
  class space    used 4697K, capacity 5569K, committed 5632K, reserved 1048576K
}
Event: 670.462 GC heap after
{Heap after GC invocations=8 (full 0):
 garbage-first heap   total 260096K, used 29194K [0x00000000c0000000, 0x0000000100000000)
  region size 1024K, 11 young (11264K), 11 survivors (11264K)
 Metaspace       used 46028K, capacity 48259K, committed 48540K, reserved 1091584K
  class space    used 4697K, capacity 5569K, committed 5632K, reserved 1048576K
}

