# JRE version: Java(TM) SE Runtime Environment (8.0_91-b15) (build 1.8.0_91-b15)
# Java VM: Java HotSpot(TM) 64-Bit Server VM (25.91-b15 mixed mode windows-amd64 compressed oops)
Heap:
 garbage-first heap   total 260096K, used 91496K [0x00000000c0000000, 0x00000000c01007f0, 0x0000000100000000)
  region size 1024K, 84 young (86016K), 14 survivors (14336K)
 Metaspace       used 30694K, capacity 32394K, committed 32640K, reserved 1077248K
  class space    used 3385K, capacity 3964K, committed 3968K, reserved 1048576K
GC Heap History (6 events):
Event: 1.479 GC heap before
{Heap before GC invocations=0 (full 0):
 garbage-first heap   total 260096K, used 22528K [0x00000000c0000000, 0x00000000c01007f0, 0x0000000100000000)
  region size 1024K, 22 young (22528K), 0 survivors (0K)
 Metaspace       used 8107K, capacity 8206K, committed 8320K, reserved 1056768K
  class space    used 864K, capacity 888K, committed 896K, reserved 1048576K
Event: 1.490 GC heap after
Heap after GC invocations=1 (full 0):
 garbage-first heap   total 260096K, used 5021K [0x00000000c0000000, 0x00000000c01007f0, 0x0000000100000000)
  region size 1024K, 3 young (3072K), 3 survivors (3072K)
 Metaspace       used 8107K, capacity 8206K, committed 8320K, reserved 1056768K
  class space    used 864K, capacity 888K, committed 896K, reserved 1048576K
}
Event: 2.145 GC heap before
{Heap before GC invocations=1 (full 0):
 garbage-first heap   total 260096K, used 37789K [0x00000000c0000000, 0x00000000c01007f0, 0x0000000100000000)
  region size 1024K, 35 young (35840K), 3 survivors (3072K)
 Metaspace       used 10253K, capacity 10486K, committed 10624K, reserved 1058816K
  class space    used 1066K, capacity 1131K, committed 1152K, reserved 1048576K
Event: 2.155 GC heap after
Heap after GC invocations=2 (full 0):
 garbage-first heap   total 260096K, used 10338K [0x00000000c0000000, 0x00000000c01007f0, 0x0000000100000000)
  region size 1024K, 5 young (5120K), 5 survivors (5120K)
 Metaspace       used 10253K, capacity 10486K, committed 10624K, reserved 1058816K
  class space    used 1066K, capacity 1131K, committed 1152K, reserved 1048576K
}
Event: 3.751 GC heap before
{Heap before GC invocations=2 (full 0):
 garbage-first heap   total 260096K, used 60514K [0x00000000c0000000, 0x00000000c01007f0, 0x0000000100000000)
  region size 1024K, 55 young (56320K), 5 survivors (5120K)
 Metaspace       used 20161K, capacity 21084K, committed 21296K, reserved 1069056K
  class space    used 2098K, capacity 2435K, committed 2560K, reserved 1048576K
Event: 3.773 GC heap after
Heap after GC invocations=3 (full 0):
 garbage-first heap   total 260096K, used 22888K [0x00000000c0000000, 0x00000000c01007f0, 0x0000000100000000)
  region size 1024K, 14 young (14336K), 14 survivors (14336K)
 Metaspace       used 20161K, capacity 21084K, committed 21296K, reserved 1069056K
  class space    used 2098K, capacity 2435K, committed 2560K, reserved 1048576K
}

