# JRE version: Java(TM) SE Runtime Environment (8.0_91-b15) (build 1.8.0_91-b15)
# Java VM: Java HotSpot(TM) 64-Bit Server VM (25.91-b15 mixed mode windows-amd64 compressed oops)
Heap:
 garbage-first heap   total 260096K, used 78288K [0x00000000c0000000, 0x00000000c01007f0, 0x0000000100000000)
  region size 1024K, 71 young (72704K), 8 survivors (8192K)
 Metaspace       used 26992K, capacity 28450K, committed 28592K, reserved 1075200K
  class space    used 2987K, capacity 3380K, committed 3504K, reserved 1048576K
GC Heap History (6 events):
Event: 1.096 GC heap before
{Heap before GC invocations=0 (full 0):
 garbage-first heap   total 260096K, used 22528K [0x00000000c0000000, 0x00000000c01007f0, 0x0000000100000000)
  region size 1024K, 22 young (22528K), 0 survivors (0K)
 Metaspace       used 7875K, capacity 8056K, committed 8320K, reserved 1056768K
  class space    used 823K, capacity 857K, committed 896K, reserved 1048576K
Event: 1.105 GC heap after
Heap after GC invocations=1 (full 0):
 garbage-first heap   total 260096K, used 5651K [0x00000000c0000000, 0x00000000c01007f0, 0x0000000100000000)
  region size 1024K, 3 young (3072K), 3 survivors (3072K)
 Metaspace       used 7875K, capacity 8056K, committed 8320K, reserved 1056768K
  class space    used 823K, capacity 857K, committed 896K, reserved 1048576K
}
Event: 1.925 GC heap before
{Heap before GC invocations=1 (full 0):
 garbage-first heap   total 260096K, used 35347K [0x00000000c0000000, 0x00000000c01007f0, 0x0000000100000000)
  region size 1024K, 32 young (32768K), 3 survivors (3072K)
 Metaspace       used 17459K, capacity 18296K, committed 18432K, reserved 1064960K
  class space    used 1721K, capacity 1971K, committed 2048K, reserved 1048576K
Event: 1.948 GC heap after
Heap after GC invocations=2 (full 0):
 garbage-first heap   total 260096K, used 15813K [0x00000000c0000000, 0x00000000c01007f0, 0x0000000100000000)
  region size 1024K, 4 young (4096K), 4 survivors (4096K)
 Metaspace       used 17459K, capacity 18296K, committed 18432K, reserved 1064960K
  class space    used 1721K, capacity 1971K, committed 2048K, reserved 1048576K
}
Event: 2.343 GC heap before
{Heap before GC invocations=2 (full 0):
 garbage-first heap   total 260096K, used 24005K [0x00000000c0000000, 0x00000000c01007f0, 0x0000000100000000)
  region size 1024K, 13 young (13312K), 4 survivors (4096K)
 Metaspace       used 19969K, capacity 21172K, committed 21296K, reserved 1069056K
  class space    used 2045K, capacity 2343K, committed 2352K, reserved 1048576K
Event: 2.351 GC heap after
Heap after GC invocations=3 (full 0):
 garbage-first heap   total 260096K, used 19350K [0x00000000c0000000, 0x00000000c01007f0, 0x0000000100000000)
  region size 1024K, 8 young (8192K), 8 survivors (8192K)
 Metaspace       used 19969K, capacity 21172K, committed 21296K, reserved 1069056K
  class space    used 2045K, capacity 2343K, committed 2352K, reserved 1048576K
}

